# Push Log for cloudflare-tunnel-bootstrap
# Generated by gitfield-sync

[2025-06-11T09:03:20Z] Local: , Branch=master, Commit=unknown
  Diff Summary:
     docs/integrity.sha256 | 11 +++++++++++
     1 file changed, 11 insertions(+)
[2025-06-11T09:03:31Z] Radicle: RID=rad:z3FEj7rF8gZw9eFksCuiN43qjzrex, Peer ID=z6Mkw5s3ppo26C7y7tGK5MD8n2GqTHS582PPpeX5Xqbu2Mpz, Branch=master, Commit=unknown
  CLI: rad inspect rad:z3FEj7rF8gZw9eFksCuiN43qjzrex # View project details
  CLI: git ls-tree -r --name-only HEAD # View file structure
  Diff Summary:
     .gitfield/radicle.sigil.md | 67 ++++++++++++++++++++++++++++++++++++++++++++++
     1 file changed, 67 insertions(+)
[2025-06-11T09:03:35Z] Forgejo: https://remember.thefoldwithin.earth/mrhavens/cloudflare-tunnel-bootstrap, Branch=master, Commit=unknown
  Diff Summary:
     .gitfield/remember.sigil.md | 59 +++++++++++++++++++++++++++++++++++++++++++++
     1 file changed, 59 insertions(+)
[2025-06-11T09:03:45Z] Codeberg: https://codeberg.org/mrhavens/cloudflare-tunnel-bootstrap, Branch=master, Commit=unknown
  Diff Summary:
     .gitfield/codeberg.sigil.md | 59 +++++++++++++++++++++++++++++++++++++++++++++
     1 file changed, 59 insertions(+)
[2025-06-11T09:03:51Z] Gitea: https://gitea.com/mrhavens/cloudflare-tunnel-bootstrap, Branch=master, Commit=unknown
  Diff Summary:
     .gitfield/pushed.log | 4 ++++
     1 file changed, 4 insertions(+)
[2025-06-11T09:04:00Z] GitLab: https://gitlab.com/mrhavens/cloudflare-tunnel-bootstrap, Branch=master, Commit=unknown
  Diff Summary:
     .gitfield/gitlab.sigil.md | 59 +++++++++++++++++++++++++++++++++++++++++++++++
     1 file changed, 59 insertions(+)
[2025-06-11T09:04:12Z] Bitbucket: https://bitbucket.org/thefoldwithin/cloudflare-tunnel-bootstrap, Branch=master, Commit=unknown
  Diff Summary:
     .gitfield/bitbucket.sigil.md | 59 ++++++++++++++++++++++++++++++++++++++++++++
     1 file changed, 59 insertions(+)
[2025-06-11T09:04:18Z] GitHub: https://github.com/mrhavens/cloudflare-tunnel-bootstrap, Branch=master, Commit=unknown
  Diff Summary:
     .gitfield/github.sigil.md | 59 +++++++++++++++++++++++++++++++++++++++++++++++
     1 file changed, 59 insertions(+)
[2025-06-11T09:04:19Z] Local: , Branch=master, Commit=unknown
  Diff Summary:
     .gitfield/local.sigil.md | 59 ++++++++++++++++++++++++++++++++++++++++++++++++
     1 file changed, 59 insertions(+)
[2025-06-11T09:04:50Z] Radicle: RID=rad:z3FEj7rF8gZw9eFksCuiN43qjzrex, Peer ID=z6Mkw5s3ppo26C7y7tGK5MD8n2GqTHS582PPpeX5Xqbu2Mpz, Branch=master, Commit=unknown
  CLI: rad inspect rad:z3FEj7rF8gZw9eFksCuiN43qjzrex # View project details
  CLI: git ls-tree -r --name-only HEAD # View file structure
  Diff Summary:
     .gitfield/radicle.sigil.md | 20 ++++++++++----------
     1 file changed, 10 insertions(+), 10 deletions(-)
[2025-06-11T09:04:53Z] Forgejo: https://remember.thefoldwithin.earth/mrhavens/cloudflare-tunnel-bootstrap, Branch=master, Commit=unknown
  Diff Summary:
     .gitfield/remember.sigil.md | 16 ++++++++--------
     1 file changed, 8 insertions(+), 8 deletions(-)
[2025-06-11T09:05:01Z] Codeberg: https://codeberg.org/mrhavens/cloudflare-tunnel-bootstrap, Branch=master, Commit=unknown
  Diff Summary:
     .gitfield/codeberg.sigil.md | 16 ++++++++--------
     1 file changed, 8 insertions(+), 8 deletions(-)
[2025-06-11T09:05:02Z] Gitea: https://gitea.com/mrhavens/cloudflare-tunnel-bootstrap, Branch=master, Commit=unknown
  Diff Summary:
     .gitfield/pushed.log | 4 ++++
     1 file changed, 4 insertions(+)
[2025-06-11T09:05:07Z] GitLab: https://gitlab.com/mrhavens/cloudflare-tunnel-bootstrap, Branch=master, Commit=unknown
  Diff Summary:
     .gitfield/gitlab.sigil.md | 16 ++++++++--------
     1 file changed, 8 insertions(+), 8 deletions(-)
[2025-06-11T09:05:17Z] Bitbucket: https://bitbucket.org/thefoldwithin/cloudflare-tunnel-bootstrap, Branch=master, Commit=unknown
  Diff Summary:
     .gitfield/bitbucket.sigil.md | 16 ++++++++--------
     1 file changed, 8 insertions(+), 8 deletions(-)
[2025-06-11T09:05:22Z] GitHub: https://github.com/mrhavens/cloudflare-tunnel-bootstrap, Branch=master, Commit=unknown
  Diff Summary:
     .gitfield/github.sigil.md | 16 ++++++++--------
     1 file changed, 8 insertions(+), 8 deletions(-)
[2025-06-11T09:05:22Z] Local: , Branch=master, Commit=unknown
  Diff Summary:
     .gitfield/local.sigil.md | 16 ++++++++--------
     1 file changed, 8 insertions(+), 8 deletions(-)
[2025-06-11T09:05:26Z] Radicle: RID=rad:z3FEj7rF8gZw9eFksCuiN43qjzrex, Peer ID=z6Mkw5s3ppo26C7y7tGK5MD8n2GqTHS582PPpeX5Xqbu2Mpz, Branch=master, Commit=unknown
  CLI: rad inspect rad:z3FEj7rF8gZw9eFksCuiN43qjzrex # View project details
  CLI: git ls-tree -r --name-only HEAD # View file structure
  Diff Summary:
     .gitfield/radicle.sigil.md | 16 ++++++++--------
     1 file changed, 8 insertions(+), 8 deletions(-)
[2025-06-11T09:05:29Z] Forgejo: https://remember.thefoldwithin.earth/mrhavens/cloudflare-tunnel-bootstrap, Branch=master, Commit=unknown
  Diff Summary:
     .gitfield/remember.sigil.md | 14 +++++++-------
     1 file changed, 7 insertions(+), 7 deletions(-)
[2025-06-11T09:05:37Z] Codeberg: https://codeberg.org/mrhavens/cloudflare-tunnel-bootstrap, Branch=master, Commit=unknown
  Diff Summary:
     .gitfield/codeberg.sigil.md | 14 +++++++-------
     1 file changed, 7 insertions(+), 7 deletions(-)
[2025-06-11T09:05:38Z] Gitea: https://gitea.com/mrhavens/cloudflare-tunnel-bootstrap, Branch=master, Commit=unknown
  Diff Summary:
     .gitfield/pushed.log | 4 ++++
     1 file changed, 4 insertions(+)
[2025-06-11T09:05:43Z] GitLab: https://gitlab.com/mrhavens/cloudflare-tunnel-bootstrap, Branch=master, Commit=unknown
  Diff Summary:
     .gitfield/gitlab.sigil.md | 14 +++++++-------
     1 file changed, 7 insertions(+), 7 deletions(-)
[2025-06-11T09:05:51Z] Bitbucket: https://bitbucket.org/thefoldwithin/cloudflare-tunnel-bootstrap, Branch=master, Commit=unknown
  Diff Summary:
     .gitfield/bitbucket.sigil.md | 14 +++++++-------
     1 file changed, 7 insertions(+), 7 deletions(-)
[2025-06-11T09:05:55Z] GitHub: https://github.com/mrhavens/cloudflare-tunnel-bootstrap, Branch=master, Commit=unknown
  Diff Summary:
     .gitfield/github.sigil.md | 12 ++++++------
     1 file changed, 6 insertions(+), 6 deletions(-)
[2025-06-14T01:18:33Z] Local: , Branch=master, Commit=d34f827
  Diff Summary:
     .gitfield/local.sigil.md | 14 +++++++-------
     1 file changed, 7 insertions(+), 7 deletions(-)
[2025-06-14T01:18:37Z] Radicle: RID=rad:z3FEj7rF8gZw9eFksCuiN43qjzrex, Peer ID=z6Mkw5s3ppo26C7y7tGK5MD8n2GqTHS582PPpeX5Xqbu2Mpz, Branch=master, Commit=d34f827
  CLI: rad inspect rad:z3FEj7rF8gZw9eFksCuiN43qjzrex # View project details
  CLI: git ls-tree -r --name-only HEAD # View file structure
  Diff Summary:
     .gitfield/radicle.sigil.md | 18 +++++++++---------
     1 file changed, 9 insertions(+), 9 deletions(-)
[2025-06-14T01:18:42Z] Forgejo: https://remember.thefoldwithin.earth/mrhavens/cloudflare-tunnel-bootstrap, Branch=master, Commit=d34f827
  Diff Summary:
     .gitfield/remember.sigil.md | 16 ++++++++--------
     1 file changed, 8 insertions(+), 8 deletions(-)
[2025-06-14T01:18:51Z] Codeberg: https://codeberg.org/mrhavens/cloudflare-tunnel-bootstrap, Branch=master, Commit=d34f827
  Diff Summary:
     .gitfield/codeberg.sigil.md | 16 ++++++++--------
     1 file changed, 8 insertions(+), 8 deletions(-)
[2025-06-14T01:18:53Z] Gitea: https://gitea.com/mrhavens/cloudflare-tunnel-bootstrap, Branch=master, Commit=d34f827
  Diff Summary:
     .gitfield/pushed.log | 4 ++++
     1 file changed, 4 insertions(+)
[2025-06-14T01:21:07Z] GitLab: https://gitlab.com/mrhavens/cloudflare-tunnel-bootstrap, Branch=master, Commit=d34f827
  Diff Summary:
     .gitfield/gitlab.sigil.md | 16 ++++++++--------
     1 file changed, 8 insertions(+), 8 deletions(-)
[2025-06-14T01:21:17Z] Bitbucket: https://bitbucket.org/thefoldwithin/cloudflare-tunnel-bootstrap, Branch=master, Commit=d34f827
  Diff Summary:
     .gitfield/bitbucket.sigil.md | 16 ++++++++--------
     1 file changed, 8 insertions(+), 8 deletions(-)
[2025-06-14T01:21:25Z] GitHub: https://github.com/mrhavens/cloudflare-tunnel-bootstrap, Branch=master, Commit=d34f827
  Diff Summary:
     .gitfield/github.sigil.md | 16 ++++++++--------
     1 file changed, 8 insertions(+), 8 deletions(-)
[2025-06-14T01:21:26Z] Local: , Branch=master, Commit=d34f827
  Diff Summary:
     .gitfield/local.sigil.md | 14 +++++++-------
     1 file changed, 7 insertions(+), 7 deletions(-)
[2025-06-14T01:21:51Z] Radicle: RID=rad:z3FEj7rF8gZw9eFksCuiN43qjzrex, Peer ID=z6Mkw5s3ppo26C7y7tGK5MD8n2GqTHS582PPpeX5Xqbu2Mpz, Branch=master, Commit=d34f827
  CLI: rad inspect rad:z3FEj7rF8gZw9eFksCuiN43qjzrex # View project details
  CLI: git ls-tree -r --name-only HEAD # View file structure
  Diff Summary:
     .gitfield/radicle.sigil.md | 16 ++++++++--------
     1 file changed, 8 insertions(+), 8 deletions(-)
[2025-06-14T01:21:56Z] Forgejo: https://remember.thefoldwithin.earth/mrhavens/cloudflare-tunnel-bootstrap, Branch=master, Commit=d34f827
  Diff Summary:
     .gitfield/remember.sigil.md | 14 +++++++-------
     1 file changed, 7 insertions(+), 7 deletions(-)
[2025-06-14T01:22:06Z] Codeberg: https://codeberg.org/mrhavens/cloudflare-tunnel-bootstrap, Branch=master, Commit=d34f827
  Diff Summary:
     .gitfield/codeberg.sigil.md | 14 +++++++-------
     1 file changed, 7 insertions(+), 7 deletions(-)
[2025-06-14T01:22:08Z] Gitea: https://gitea.com/mrhavens/cloudflare-tunnel-bootstrap, Branch=master, Commit=d34f827
  Diff Summary:
     .gitfield/pushed.log | 4 ++++
     1 file changed, 4 insertions(+)
[2025-06-14T01:22:15Z] GitLab: https://gitlab.com/mrhavens/cloudflare-tunnel-bootstrap, Branch=master, Commit=d34f827
  Diff Summary:
     .gitfield/gitlab.sigil.md | 14 +++++++-------
     1 file changed, 7 insertions(+), 7 deletions(-)
